**************************************************
Report         : svf_operation
                 -status accepted 

Reference      : r:/WORK/Vending_Top
Implementation : i:/WORK/Vending_Top
Version        : X-2025.06-SP3
Date           : Fri Jul 17 18:49:49 2026
**************************************************

## SVF Operation 1 (Line: 21) - environment.  Status: accepted
## Operation Id: 1
guide_environment \
  { { precompile_db_list /Tools/synopsys/syn/X-2025.06-SP2/libraries/syn/gtech.db } } 

## SVF Operation 2 (Line: 25) - environment.  Status: accepted
## Operation Id: 2
guide_environment \
  { { dc_product_version X-2025.06-SP2 } \
    { dc_product_build_date { Aug 27, 2025 } } \
    { bus_dimension_separator_style ][ } \
    { bus_extraction_style %s\[%d:%d\] } \
    { bus_multiple_separator_style , } \
    { bus_naming_style %s[%d] } \
    { bus_range_separator_style : } \
    { dc_allow_rtl_pg false } \
    { hdlin_allow_4state_parameters TRUE } \
    { hdlin_unified_rtl_read FALSE } \
    { hdlin_enable_hier_naming FALSE } \
    { hdlin_enable_upf_compatible_naming FALSE } \
    { hdlin_vhdl_preserve_case FALSE } \
    { hdlin_generate_naming_style %s_%d } \
    { hdlin_generate_separator_style _ } \
    { hdlin_infer_enumerated_types FALSE } \
    { hdlin_interface_port_downto FALSE } \
    { hdlin_optimize_enum_types FALSE } \
    { hdlin_preserve_sequential none } \
    { hdlin_sverilog_std 2017 } \
    { hdlin_sv_packages dont_chain } \
    { hdlin_sv_union_member_naming FALSE } \
    { hdlin_vhdl_std 2008 } \
    { hdlin_vrlg_std 2005 } \
    { hdlin_v2005_replication_semantics TRUE } \
    { hdlin_while_loop_iterations 4096 } \
    { hdlin_enable_verilog_configurations_canonical TRUE } \
    { hdlin_enable_verilog_configurations_array_n_block TRUE } \
    { hdlin_enable_persistent_macros FALSE } \
    { hdlin_persistent_macros_filename syn_auto_generated_macro_file.sv } \
    { link_portname_allow_period_to_match_underscore false } \
    { link_portname_allow_square_bracket_to_match_underscore false } \
    { port_complement_naming_style %s_BAR } \
    { simplified_verification_mode FALSE } \
    { template_naming_style %s_%p } \
    { template_parameter_style %s%d } \
    { template_separator_style _ } \
    { upf_iso_filter_elements_with_applies_to ENABLE } \
    { upf_isols_allow_instances_in_elements true } \
    { link_library { * saed32rvt_tt1p05v25c.db dw_foundation.sldb } } \
    { target_library saed32rvt_tt1p05v25c.db } \
    { search_path { /home/valmir.silva/Vending_Machine_Controller/sim /home/valmir.silva/Vending_Machine_Controller/sim/../rtl /home/valmir.silva/Vending_Machine_Controller/sim/../lib } } \
    { hdlin_fmsvf_enable_div_by_pow2 true } \
    { synopsys_root /Tools/synopsys/syn/X-2025.06-SP2 } \
    { cwd /home/valmir.silva/Vending_Machine_Controller/sim } \
    { current_design Vending_Top } \
    { compile_seqmap_propagate_high_effort true } } 

## SVF Operation 3 (Line: 75) - change_names.  Status: accepted
## Operation Id: 3
guide_change_names \
  -design { memory } \
  { { cell sub_30 sub_x_1 } } 

## SVF Operation 4 (Line: 80) - reg_constant.  Status: accepted
## Operation Id: 4
guide_reg_constant \
  -design { memory } \
  -replaced { svfTrue } \
  { memory_array_reg[0][8] } \
  { 1 } 

## SVF Operation 5 (Line: 87) - reg_constant.  Status: accepted
## Operation Id: 5
guide_reg_constant \
  -design { memory } \
  -replaced { svfTrue } \
  { memory_array_reg[0][9] } \
  { 0 } 

## SVF Operation 6 (Line: 94) - reg_constant.  Status: accepted
## Operation Id: 6
guide_reg_constant \
  -design { memory } \
  -replaced { svfTrue } \
  { memory_array_reg[0][10] } \
  { 0 } 

## SVF Operation 7 (Line: 101) - reg_constant.  Status: accepted
## Operation Id: 7
guide_reg_constant \
  -design { memory } \
  -replaced { svfTrue } \
  { memory_array_reg[0][11] } \
  { 1 } 

## SVF Operation 8 (Line: 108) - reg_constant.  Status: accepted
## Operation Id: 8
guide_reg_constant \
  -design { memory } \
  -replaced { svfTrue } \
  { memory_array_reg[0][12] } \
  { 1 } 

## SVF Operation 9 (Line: 115) - reg_constant.  Status: accepted
## Operation Id: 9
guide_reg_constant \
  -design { memory } \
  -replaced { svfTrue } \
  { memory_array_reg[0][13] } \
  { 0 } 

## SVF Operation 10 (Line: 122) - reg_constant.  Status: accepted
## Operation Id: 10
guide_reg_constant \
  -design { memory } \
  -replaced { svfTrue } \
  { memory_array_reg[0][14] } \
  { 0 } 

## SVF Operation 11 (Line: 129) - reg_constant.  Status: accepted
## Operation Id: 11
guide_reg_constant \
  -design { memory } \
  -replaced { svfTrue } \
  { memory_array_reg[0][15] } \
  { 0 } 

## SVF Operation 12 (Line: 136) - reg_constant.  Status: accepted
## Operation Id: 12
guide_reg_constant \
  -design { memory } \
  -replaced { svfTrue } \
  { memory_array_reg[1][8] } \
  { 0 } 

## SVF Operation 13 (Line: 143) - reg_constant.  Status: accepted
## Operation Id: 13
guide_reg_constant \
  -design { memory } \
  -replaced { svfTrue } \
  { memory_array_reg[1][9] } \
  { 1 } 

## SVF Operation 14 (Line: 150) - reg_constant.  Status: accepted
## Operation Id: 14
guide_reg_constant \
  -design { memory } \
  -replaced { svfTrue } \
  { memory_array_reg[1][10] } \
  { 0 } 

## SVF Operation 15 (Line: 157) - reg_constant.  Status: accepted
## Operation Id: 15
guide_reg_constant \
  -design { memory } \
  -replaced { svfTrue } \
  { memory_array_reg[1][11] } \
  { 0 } 

## SVF Operation 16 (Line: 164) - reg_constant.  Status: accepted
## Operation Id: 16
guide_reg_constant \
  -design { memory } \
  -replaced { svfTrue } \
  { memory_array_reg[1][12] } \
  { 1 } 

## SVF Operation 17 (Line: 171) - reg_constant.  Status: accepted
## Operation Id: 17
guide_reg_constant \
  -design { memory } \
  -replaced { svfTrue } \
  { memory_array_reg[1][13] } \
  { 1 } 

## SVF Operation 18 (Line: 178) - reg_constant.  Status: accepted
## Operation Id: 18
guide_reg_constant \
  -design { memory } \
  -replaced { svfTrue } \
  { memory_array_reg[1][14] } \
  { 0 } 

## SVF Operation 19 (Line: 185) - reg_constant.  Status: accepted
## Operation Id: 19
guide_reg_constant \
  -design { memory } \
  -replaced { svfTrue } \
  { memory_array_reg[1][15] } \
  { 0 } 

## SVF Operation 20 (Line: 192) - reg_constant.  Status: accepted
## Operation Id: 20
guide_reg_constant \
  -design { memory } \
  -replaced { svfTrue } \
  { memory_array_reg[2][8] } \
  { 1 } 

## SVF Operation 21 (Line: 199) - reg_constant.  Status: accepted
## Operation Id: 21
guide_reg_constant \
  -design { memory } \
  -replaced { svfTrue } \
  { memory_array_reg[2][9] } \
  { 1 } 

## SVF Operation 22 (Line: 206) - reg_constant.  Status: accepted
## Operation Id: 22
guide_reg_constant \
  -design { memory } \
  -replaced { svfTrue } \
  { memory_array_reg[2][10] } \
  { 0 } 

## SVF Operation 23 (Line: 213) - reg_constant.  Status: accepted
## Operation Id: 23
guide_reg_constant \
  -design { memory } \
  -replaced { svfTrue } \
  { memory_array_reg[2][11] } \
  { 1 } 

## SVF Operation 24 (Line: 220) - reg_constant.  Status: accepted
## Operation Id: 24
guide_reg_constant \
  -design { memory } \
  -replaced { svfTrue } \
  { memory_array_reg[2][12] } \
  { 0 } 

## SVF Operation 25 (Line: 227) - reg_constant.  Status: accepted
## Operation Id: 25
guide_reg_constant \
  -design { memory } \
  -replaced { svfTrue } \
  { memory_array_reg[2][13] } \
  { 0 } 

## SVF Operation 26 (Line: 234) - reg_constant.  Status: accepted
## Operation Id: 26
guide_reg_constant \
  -design { memory } \
  -replaced { svfTrue } \
  { memory_array_reg[2][14] } \
  { 1 } 

## SVF Operation 27 (Line: 241) - reg_constant.  Status: accepted
## Operation Id: 27
guide_reg_constant \
  -design { memory } \
  -replaced { svfTrue } \
  { memory_array_reg[2][15] } \
  { 0 } 

## SVF Operation 28 (Line: 248) - reg_constant.  Status: accepted
## Operation Id: 28
guide_reg_constant \
  -design { memory } \
  -replaced { svfTrue } \
  { memory_array_reg[3][8] } \
  { 0 } 

## SVF Operation 29 (Line: 255) - reg_constant.  Status: accepted
## Operation Id: 29
guide_reg_constant \
  -design { memory } \
  -replaced { svfTrue } \
  { memory_array_reg[3][9] } \
  { 0 } 

## SVF Operation 30 (Line: 262) - reg_constant.  Status: accepted
## Operation Id: 30
guide_reg_constant \
  -design { memory } \
  -replaced { svfTrue } \
  { memory_array_reg[3][10] } \
  { 1 } 

## SVF Operation 31 (Line: 269) - reg_constant.  Status: accepted
## Operation Id: 31
guide_reg_constant \
  -design { memory } \
  -replaced { svfTrue } \
  { memory_array_reg[3][11] } \
  { 0 } 

## SVF Operation 32 (Line: 276) - reg_constant.  Status: accepted
## Operation Id: 32
guide_reg_constant \
  -design { memory } \
  -replaced { svfTrue } \
  { memory_array_reg[3][12] } \
  { 0 } 

## SVF Operation 33 (Line: 283) - reg_constant.  Status: accepted
## Operation Id: 33
guide_reg_constant \
  -design { memory } \
  -replaced { svfTrue } \
  { memory_array_reg[3][13] } \
  { 1 } 

## SVF Operation 34 (Line: 290) - reg_constant.  Status: accepted
## Operation Id: 34
guide_reg_constant \
  -design { memory } \
  -replaced { svfTrue } \
  { memory_array_reg[3][14] } \
  { 1 } 

## SVF Operation 35 (Line: 297) - reg_constant.  Status: accepted
## Operation Id: 35
guide_reg_constant \
  -design { memory } \
  -replaced { svfTrue } \
  { memory_array_reg[3][15] } \
  { 0 } 

## SVF Operation 36 (Line: 304) - reg_constant.  Status: accepted
## Operation Id: 36
guide_reg_constant \
  -design { memory } \
  -replaced { svfTrue } \
  { price_reg[7] } \
  { 0 } 

## SVF Operation 37 (Line: 311) - change_names.  Status: accepted
## Operation Id: 37
guide_change_names \
  -design { credit_reg } \
  { { cell add_24 add_x_1 } } 

## SVF Operation 38 (Line: 316) - reg_constant.  Status: accepted
## Operation Id: 38
guide_reg_constant \
  -design { credit_reg } \
  -replaced { svfTrue } \
  { mem_reg[0][0] } \
  { 0 } 

## SVF Operation 39 (Line: 323) - reg_constant.  Status: accepted
## Operation Id: 39
guide_reg_constant \
  -design { credit_reg } \
  -replaced { svfTrue } \
  { mem_reg[0][1] } \
  { 0 } 

## SVF Operation 40 (Line: 330) - reg_constant.  Status: accepted
## Operation Id: 40
guide_reg_constant \
  -design { credit_reg } \
  -replaced { svfTrue } \
  { mem_reg[0][2] } \
  { 0 } 

## SVF Operation 41 (Line: 337) - reg_constant.  Status: accepted
## Operation Id: 41
guide_reg_constant \
  -design { credit_reg } \
  -replaced { svfTrue } \
  { mem_reg[0][3] } \
  { 0 } 

## SVF Operation 42 (Line: 344) - reg_constant.  Status: accepted
## Operation Id: 42
guide_reg_constant \
  -design { credit_reg } \
  -replaced { svfTrue } \
  { mem_reg[0][4] } \
  { 0 } 

## SVF Operation 43 (Line: 351) - reg_constant.  Status: accepted
## Operation Id: 43
guide_reg_constant \
  -design { credit_reg } \
  -replaced { svfTrue } \
  { mem_reg[0][5] } \
  { 0 } 

## SVF Operation 44 (Line: 358) - reg_constant.  Status: accepted
## Operation Id: 44
guide_reg_constant \
  -design { credit_reg } \
  -replaced { svfTrue } \
  { mem_reg[0][6] } \
  { 0 } 

## SVF Operation 45 (Line: 365) - reg_constant.  Status: accepted
## Operation Id: 45
guide_reg_constant \
  -design { credit_reg } \
  -replaced { svfTrue } \
  { mem_reg[0][7] } \
  { 0 } 

## SVF Operation 46 (Line: 372) - reg_constant.  Status: accepted
## Operation Id: 46
guide_reg_constant \
  -design { credit_reg } \
  -replaced { svfTrue } \
  { mem_reg[1][0] } \
  { 1 } 

## SVF Operation 47 (Line: 379) - reg_constant.  Status: accepted
## Operation Id: 47
guide_reg_constant \
  -design { credit_reg } \
  -replaced { svfTrue } \
  { mem_reg[1][1] } \
  { 0 } 

## SVF Operation 48 (Line: 386) - reg_constant.  Status: accepted
## Operation Id: 48
guide_reg_constant \
  -design { credit_reg } \
  -replaced { svfTrue } \
  { mem_reg[1][2] } \
  { 0 } 

## SVF Operation 49 (Line: 393) - reg_constant.  Status: accepted
## Operation Id: 49
guide_reg_constant \
  -design { credit_reg } \
  -replaced { svfTrue } \
  { mem_reg[1][3] } \
  { 1 } 

## SVF Operation 50 (Line: 400) - reg_constant.  Status: accepted
## Operation Id: 50
guide_reg_constant \
  -design { credit_reg } \
  -replaced { svfTrue } \
  { mem_reg[1][4] } \
  { 1 } 

## SVF Operation 51 (Line: 407) - reg_constant.  Status: accepted
## Operation Id: 51
guide_reg_constant \
  -design { credit_reg } \
  -replaced { svfTrue } \
  { mem_reg[1][5] } \
  { 0 } 

## SVF Operation 52 (Line: 414) - reg_constant.  Status: accepted
## Operation Id: 52
guide_reg_constant \
  -design { credit_reg } \
  -replaced { svfTrue } \
  { mem_reg[1][6] } \
  { 0 } 

## SVF Operation 53 (Line: 421) - reg_constant.  Status: accepted
## Operation Id: 53
guide_reg_constant \
  -design { credit_reg } \
  -replaced { svfTrue } \
  { mem_reg[1][7] } \
  { 0 } 

## SVF Operation 54 (Line: 428) - reg_constant.  Status: accepted
## Operation Id: 54
guide_reg_constant \
  -design { credit_reg } \
  -replaced { svfTrue } \
  { mem_reg[2][0] } \
  { 0 } 

## SVF Operation 55 (Line: 435) - reg_constant.  Status: accepted
## Operation Id: 55
guide_reg_constant \
  -design { credit_reg } \
  -replaced { svfTrue } \
  { mem_reg[2][1] } \
  { 1 } 

## SVF Operation 56 (Line: 442) - reg_constant.  Status: accepted
## Operation Id: 56
guide_reg_constant \
  -design { credit_reg } \
  -replaced { svfTrue } \
  { mem_reg[2][2] } \
  { 0 } 

## SVF Operation 57 (Line: 449) - reg_constant.  Status: accepted
## Operation Id: 57
guide_reg_constant \
  -design { credit_reg } \
  -replaced { svfTrue } \
  { mem_reg[2][3] } \
  { 0 } 

## SVF Operation 58 (Line: 456) - reg_constant.  Status: accepted
## Operation Id: 58
guide_reg_constant \
  -design { credit_reg } \
  -replaced { svfTrue } \
  { mem_reg[2][4] } \
  { 1 } 

## SVF Operation 59 (Line: 463) - reg_constant.  Status: accepted
## Operation Id: 59
guide_reg_constant \
  -design { credit_reg } \
  -replaced { svfTrue } \
  { mem_reg[2][5] } \
  { 1 } 

## SVF Operation 60 (Line: 470) - reg_constant.  Status: accepted
## Operation Id: 60
guide_reg_constant \
  -design { credit_reg } \
  -replaced { svfTrue } \
  { mem_reg[2][6] } \
  { 0 } 

## SVF Operation 61 (Line: 477) - reg_constant.  Status: accepted
## Operation Id: 61
guide_reg_constant \
  -design { credit_reg } \
  -replaced { svfTrue } \
  { mem_reg[2][7] } \
  { 0 } 

## SVF Operation 62 (Line: 484) - reg_constant.  Status: accepted
## Operation Id: 62
guide_reg_constant \
  -design { credit_reg } \
  -replaced { svfTrue } \
  { mem_reg[3][0] } \
  { 0 } 

## SVF Operation 63 (Line: 491) - reg_constant.  Status: accepted
## Operation Id: 63
guide_reg_constant \
  -design { credit_reg } \
  -replaced { svfTrue } \
  { mem_reg[3][1] } \
  { 0 } 

## SVF Operation 64 (Line: 498) - reg_constant.  Status: accepted
## Operation Id: 64
guide_reg_constant \
  -design { credit_reg } \
  -replaced { svfTrue } \
  { mem_reg[3][2] } \
  { 1 } 

## SVF Operation 65 (Line: 505) - reg_constant.  Status: accepted
## Operation Id: 65
guide_reg_constant \
  -design { credit_reg } \
  -replaced { svfTrue } \
  { mem_reg[3][3] } \
  { 0 } 

## SVF Operation 66 (Line: 512) - reg_constant.  Status: accepted
## Operation Id: 66
guide_reg_constant \
  -design { credit_reg } \
  -replaced { svfTrue } \
  { mem_reg[3][4] } \
  { 0 } 

## SVF Operation 67 (Line: 519) - reg_constant.  Status: accepted
## Operation Id: 67
guide_reg_constant \
  -design { credit_reg } \
  -replaced { svfTrue } \
  { mem_reg[3][5] } \
  { 1 } 

## SVF Operation 68 (Line: 526) - reg_constant.  Status: accepted
## Operation Id: 68
guide_reg_constant \
  -design { credit_reg } \
  -replaced { svfTrue } \
  { mem_reg[3][6] } \
  { 1 } 

## SVF Operation 69 (Line: 533) - reg_constant.  Status: accepted
## Operation Id: 69
guide_reg_constant \
  -design { credit_reg } \
  -replaced { svfTrue } \
  { mem_reg[3][7] } \
  { 0 } 

## SVF Operation 70 (Line: 540) - change_names.  Status: accepted
## Operation Id: 70
guide_change_names \
  -design { comparator } \
  { { cell gte_7 gte_x_1 } } 

## SVF Operation 71 (Line: 545) - change_names.  Status: accepted
## Operation Id: 71
guide_change_names \
  -design { comparator } \
  { { cell gt_7 gt_x_2 } } 

## SVF Operation 72 (Line: 550) - change_names.  Status: accepted
## Operation Id: 72
guide_change_names \
  -design { subtractor } \
  { { cell sub_7 sub_x_1 } } 

## SVF Operation 73 (Line: 555) - environment.  Status: accepted
## Operation Id: 73
guide_environment \
  { { postcompile_db_list /home/valmir.silva/Vending_Machine_Controller/lib/saed32rvt_tt1p05v25c.db } } 

## SVF Operation 74 (Line: 559) - environment.  Status: accepted
## Operation Id: 74
guide_environment \
  { { precompile_db_list /home/valmir.silva/Vending_Machine_Controller/lib/saed32rvt_tt1p05v25c.db } } 

## SVF Operation 75 (Line: 563) - environment.  Status: accepted
## Operation Id: 75
guide_environment \
  { { write_file { -format verilog -hierarchy -output ../synth/synth.v } } \
    { compile_seqmap_propagate_high_effort true } } 

## SVF Operation 76 (Line: 568) - environment.  Status: accepted
## Operation Id: 76
guide_environment \
  { { link_library { * saed32rvt_tt1p05v25c.db dw_foundation.sldb } } \
    { compile_seqmap_propagate_high_effort true } } 

## SVF Operation 77 (Line: 573) - ungroup.  Status: accepted
## Operation Id: 77
guide_ungroup \
  -cells { u_mem_unit } \
  -design { Vending_Top } 

## SVF Operation 78 (Line: 578) - ungroup.  Status: accepted
## Operation Id: 78
guide_ungroup \
  -cells { u_credit_unit } \
  -design { Vending_Top } 

## SVF Operation 79 (Line: 583) - ungroup.  Status: accepted
## Operation Id: 79
guide_ungroup \
  -cells { u_comp_unit } \
  -design { Vending_Top } 

## SVF Operation 80 (Line: 588) - ungroup.  Status: accepted
## Operation Id: 80
guide_ungroup \
  -cells { u_sub_unit } \
  -design { Vending_Top } 

## SVF Operation 81 (Line: 593) - ungroup.  Status: accepted
## Operation Id: 81
guide_ungroup \
  -cells { u_control_unit } \
  -design { Vending_Top } 

## SVF Operation 82 (Line: 598) - inv_push.  Status: accepted
## Operation Id: 82
guide_inv_push \
  -design { Vending_Top } \
  -register { u_credit_unit/credit_reg[6] } 

## SVF Operation 83 (Line: 603) - inv_push.  Status: accepted
## Operation Id: 83
guide_inv_push \
  -design { Vending_Top } \
  -register { u_mem_unit/memory_array_reg[2][0] } 

## SVF Operation 84 (Line: 608) - inv_push.  Status: accepted
## Operation Id: 84
guide_inv_push \
  -design { Vending_Top } \
  -register { u_control_unit/state_reg[1] } 

## SVF Operation 85 (Line: 613) - inv_push.  Status: accepted
## Operation Id: 85
guide_inv_push \
  -design { Vending_Top } \
  -register { u_mem_unit/price_reg[1] } 

## SVF Operation 86 (Line: 618) - environment.  Status: accepted
## Operation Id: 86
guide_environment \
  { { postcompile_db_list /home/valmir.silva/Vending_Machine_Controller/lib/saed32rvt_tt1p05v25c.db } } 

## SVF Operation 87 (Line: 622) - environment.  Status: accepted
## Operation Id: 87
guide_environment \
  { { write_file { -format verilog -hierarchy -output ../synth/impl.v } } \
    { write_file { -format ddc -hierarchy -output ../synth/vending_mapeada.ddc } } \
    { compile_seqmap_propagate_high_effort true } } 

1
