 
****************************************
Report : area
Design : Vending_Top
Version: X-2025.06-SP2
Date   : Mon Jun 29 01:18:40 2026
****************************************

Information: Updating design information... (UID-85)
Library(s) Used:

    saed32rvt_tt1p05v25c (File: /home/valmir.silva/Vending_Machine_Controller/lib/saed32rvt_tt1p05v25c.db)

Number of ports:                           29
Number of nets:                           331
Number of cells:                          241
Number of combinational cells:            184
Number of sequential cells:                56
Number of macros/black boxes:               0
Number of buf/inv:                         44
Number of references:                      21

Combinational area:                428.740931
Buf/Inv area:                       55.911680
Noncombinational area:             363.425932
Macro/Black Box area:                0.000000
Net Interconnect area:             170.918989

Total cell area:                   792.166863
Total area:                        963.085852

Hierarchical area distribution
------------------------------

                                  Global cell area          Local cell area
                                  ------------------  --------------------------- 
Hierarchical cell                 Absolute   Percent  Combi-    Noncombi-  Black-
                                  Total      Total    national  national   boxes   Design
--------------------------------  ---------  -------  --------  ---------  ------  ---------
Vending_Top                        792.1669    100.0  428.7409   363.4259  0.0000  Vending_Top
--------------------------------  ---------  -------  --------  ---------  ------  ---------
Total                                                 428.7409   363.4259  0.0000

1
